{"numTotalTestSuites":120,"numPassedTestSuites":120,"numFailedTestSuites":0,"numPendingTestSuites":0,"numTotalTests":324,"numPassedTests":324,"numFailedTests":0,"numPendingTests":0,"numTodoTests":0,"snapshot":{"added":0,"failure":false,"filesAdded":0,"filesRemoved":0,"filesRemovedList":[],"filesUnmatched":0,"filesUpdated":0,"matched":0,"total":0,"unchecked":0,"uncheckedKeysByFile":[],"unmatched":0,"updated":0,"didUpdate":false},"startTime":1784947760322,"success":true,"testResults":[{"assertionResults":[{"ancestorTitles":["stepAccumulator"],"fullName":"stepAccumulator produces zero steps when dt < FIXED_TIMESTEP","status":"passed","title":"produces zero steps when dt < FIXED_TIMESTEP","duration":1.7322000000000344,"failureMessages":[],"meta":{}},{"ancestorTitles":["stepAccumulator"],"fullName":"stepAccumulator produces exactly one step when dt == FIXED_TIMESTEP","status":"passed","title":"produces exactly one step when dt == FIXED_TIMESTEP","duration":0.387299999999982,"failureMessages":[],"meta":{}},{"ancestorTitles":["stepAccumulator"],"fullName":"stepAccumulator produces two steps when dt == 2 * FIXED_TIMESTEP","status":"passed","title":"produces two steps when dt == 2 * FIXED_TIMESTEP","duration":0.22109999999997854,"failureMessages":[],"meta":{}},{"ancestorTitles":["stepAccumulator"],"fullName":"stepAccumulator is frame-rate independent: 10 frames at 16.6ms and 20 frames at 8.3ms yield same step count","status":"passed","title":"is frame-rate independent: 10 frames at 16.6ms and 20 frames at 8.3ms yield same step count","duration":0.2578999999999496,"failureMessages":[],"meta":{}},{"ancestorTitles":["stepAccumulator"],"fullName":"stepAccumulator clamps to maxSteps after a long stall","status":"passed","title":"clamps to maxSteps after a long stall","duration":0.14650000000006003,"failureMessages":[],"meta":{}},{"ancestorTitles":["stepAccumulator"],"fullName":"stepAccumulator discards excess accumulator after max-steps clamp to prevent perpetual catch-up","status":"passed","title":"discards excess accumulator after max-steps clamp to prevent perpetual catch-up","duration":0.29490000000009786,"failureMessages":[],"meta":{}},{"ancestorTitles":["stepAccumulator"],"fullName":"stepAccumulator alpha stays in [0, 1)","status":"passed","title":"alpha stays in [0, 1)","duration":7.453300000000013,"failureMessages":[],"meta":{}},{"ancestorTitles":["stepAccumulator"],"fullName":"stepAccumulator accumulates sub-step remainder correctly across frames","status":"passed","title":"accumulates sub-step remainder correctly across frames","duration":0.25139999999998963,"failureMessages":[],"meta":{}},{"ancestorTitles":["stepAccumulator"],"fullName":"stepAccumulator handles zero dt gracefully","status":"passed","title":"handles zero dt gracefully","duration":0.45900000000006,"failureMessages":[],"meta":{}},{"ancestorTitles":["FrameProfiler"],"fullName":"FrameProfiler computes a true median, not a mean","status":"passed","title":"computes a true median, not a mean","duration":1.2913999999999533,"failureMessages":[],"meta":{}},{"ancestorTitles":["FrameProfiler"],"fullName":"FrameProfiler p95 captures high-percentile frames","status":"passed","title":"p95 captures high-percentile frames","duration":0.34410000000002583,"failureMessages":[],"meta":{}},{"ancestorTitles":["FrameProfiler"],"fullName":"FrameProfiler tracks framesOverBudget counter","status":"passed","title":"tracks framesOverBudget counter","duration":0.1413000000000011,"failureMessages":[],"meta":{}},{"ancestorTitles":["FrameProfiler"],"fullName":"FrameProfiler resets framesOverBudget when a good frame arrives","status":"passed","title":"resets framesOverBudget when a good frame arrives","duration":0.09649999999999181,"failureMessages":[],"meta":{}},{"ancestorTitles":["FrameProfiler"],"fullName":"FrameProfiler tracks framesUnderBudget counter","status":"passed","title":"tracks framesUnderBudget counter","duration":0.07240000000001601,"failureMessages":[],"meta":{}},{"ancestorTitles":["FrameProfiler"],"fullName":"FrameProfiler does not suspect thermal throttle when insufficient data","status":"passed","title":"does not suspect thermal throttle when insufficient data","duration":0.06880000000001019,"failureMessages":[],"meta":{}},{"ancestorTitles":["FrameProfiler"],"fullName":"FrameProfiler suspects thermal throttle when frame time drifts up with flat complexity","status":"passed","title":"suspects thermal throttle when frame time drifts up with flat complexity","duration":0.23349999999993543,"failureMessages":[],"meta":{}},{"ancestorTitles":["FrameProfiler"],"fullName":"FrameProfiler does NOT suspect thermal throttle when complexity also increased","status":"passed","title":"does NOT suspect thermal throttle when complexity also increased","duration":0.16290000000003602,"failureMessages":[],"meta":{}},{"ancestorTitles":["FrameProfiler"],"fullName":"FrameProfiler setFrameCap updates the target frame time","status":"passed","title":"setFrameCap updates the target frame time","duration":0.18250000000000455,"failureMessages":[],"meta":{}}],"startTime":1784947761114,"endTime":1784947761128.2334,"status":"passed","message":"","name":"C:/Users/ronme/Documents/src/github.com/m3ssana/sailing/tests/unit/app/gameloop.test.ts"},{"assertionResults":[{"ancestorTitles":["ECS World"],"fullName":"ECS World creates entities with unique ids","status":"passed","title":"creates entities with unique ids","duration":2.3835000000000264,"failureMessages":[],"meta":{}},{"ancestorTitles":["ECS World"],"fullName":"ECS World stores and retrieves components","status":"passed","title":"stores and retrieves components","duration":0.7392999999999574,"failureMessages":[],"meta":{}},{"ancestorTitles":["ECS World"],"fullName":"ECS World returns undefined for missing components","status":"passed","title":"returns undefined for missing components","duration":0.2544000000000324,"failureMessages":[],"meta":{}},{"ancestorTitles":["ECS World"],"fullName":"ECS World overwrites components with addComponent","status":"passed","title":"overwrites components with addComponent","duration":0.17829999999992197,"failureMessages":[],"meta":{}},{"ancestorTitles":["ECS World"],"fullName":"ECS World removes components","status":"passed","title":"removes components","duration":0.30349999999998545,"failureMessages":[],"meta":{}},{"ancestorTitles":["ECS World"],"fullName":"ECS World destroys entities and removes all their components","status":"passed","title":"destroys entities and removes all their components","duration":0.34050000000002,"failureMessages":[],"meta":{}},{"ancestorTitles":["ECS World"],"fullName":"ECS World queries entities with a single component","status":"passed","title":"queries entities with a single component","duration":0.4520999999999731,"failureMessages":[],"meta":{}},{"ancestorTitles":["ECS World"],"fullName":"ECS World queries entities with multiple components (AND logic)","status":"passed","title":"queries entities with multiple components (AND logic)","duration":0.22529999999994743,"failureMessages":[],"meta":{}},{"ancestorTitles":["ECS World"],"fullName":"ECS World returns empty when no entities match","status":"passed","title":"returns empty when no entities match","duration":0.4655999999999949,"failureMessages":[],"meta":{}},{"ancestorTitles":["ECS World"],"fullName":"ECS World returns all entities when query has no component filter","status":"passed","title":"returns all entities when query has no component filter","duration":0.36169999999992797,"failureMessages":[],"meta":{}},{"ancestorTitles":["ECS World"],"fullName":"ECS World destroyed entities do not appear in queries","status":"passed","title":"destroyed entities do not appear in queries","duration":0.21690000000000964,"failureMessages":[],"meta":{}},{"ancestorTitles":["ECS World"],"fullName":"ECS World ignores addComponent on destroyed entities","status":"passed","title":"ignores addComponent on destroyed entities","duration":0.11829999999997654,"failureMessages":[],"meta":{}},{"ancestorTitles":["ECS World"],"fullName":"ECS World query result is reused (same array reference)","status":"passed","title":"query result is reused (same array reference)","duration":0.2078999999999951,"failureMessages":[],"meta":{}}],"startTime":1784947761806,"endTime":1784947761812.2168,"status":"passed","message":"","name":"C:/Users/ronme/Documents/src/github.com/m3ssana/sailing/tests/unit/core/ecs.test.ts"},{"assertionResults":[{"ancestorTitles":["EventBus"],"fullName":"EventBus delivers payloads to subscribers","status":"passed","title":"delivers payloads to subscribers","duration":4.518599999999992,"failureMessages":[],"meta":{}},{"ancestorTitles":["EventBus"],"fullName":"EventBus supports multiple listeners on the same event","status":"passed","title":"supports multiple listeners on the same event","duration":0.7878999999999223,"failureMessages":[],"meta":{}},{"ancestorTitles":["EventBus"],"fullName":"EventBus off removes a listener","status":"passed","title":"off removes a listener","duration":0.5206000000000586,"failureMessages":[],"meta":{}},{"ancestorTitles":["EventBus"],"fullName":"EventBus on returns an unsubscribe function","status":"passed","title":"on returns an unsubscribe function","duration":0.38179999999999836,"failureMessages":[],"meta":{}},{"ancestorTitles":["EventBus"],"fullName":"EventBus once fires exactly once","status":"passed","title":"once fires exactly once","duration":0.532799999999952,"failureMessages":[],"meta":{}},{"ancestorTitles":["EventBus"],"fullName":"EventBus once returns an unsubscribe function that cancels before firing","status":"passed","title":"once returns an unsubscribe function that cancels before firing","duration":0.3140000000000782,"failureMessages":[],"meta":{}},{"ancestorTitles":["EventBus"],"fullName":"EventBus does not crash when emitting with no subscribers","status":"passed","title":"does not crash when emitting with no subscribers","duration":1.0301999999999225,"failureMessages":[],"meta":{}},{"ancestorTitles":["EventBus"],"fullName":"EventBus does not call listeners added during emit","status":"passed","title":"does not call listeners added during emit","duration":0.5229000000000497,"failureMessages":[],"meta":{}},{"ancestorTitles":["EventBus"],"fullName":"EventBus handles off for a listener that was never registered","status":"passed","title":"handles off for a listener that was never registered","duration":0.8102000000000089,"failureMessages":[],"meta":{}}],"startTime":1784947761112,"endTime":1784947761121.8103,"status":"passed","message":"","name":"C:/Users/ronme/Documents/src/github.com/m3ssana/sailing/tests/unit/core/events.test.ts"},{"assertionResults":[{"ancestorTitles":["circularLerp"],"fullName":"circularLerp crosses north correctly: 350° → 10° at t=0.5 gives 0°","status":"passed","title":"crosses north correctly: 350° → 10° at t=0.5 gives 0°","duration":1.884999999999991,"failureMessages":[],"meta":{}},{"ancestorTitles":["circularLerp"],"fullName":"circularLerp does not take the long way around for nearby angles crossing 0","status":"passed","title":"does not take the long way around for nearby angles crossing 0","duration":0.26660000000003947,"failureMessages":[],"meta":{}},{"ancestorTitles":["circularLerp"],"fullName":"circularLerp returns the start at t=0 and end at t=1","status":"passed","title":"returns the start at t=0 and end at t=1","duration":0.21059999999999945,"failureMessages":[],"meta":{}},{"ancestorTitles":["angleDelta"],"fullName":"angleDelta positive when b is clockwise of a","status":"passed","title":"positive when b is clockwise of a","duration":0.15049999999996544,"failureMessages":[],"meta":{}},{"ancestorTitles":["angleDelta"],"fullName":"angleDelta negative when b is counter-clockwise of a","status":"passed","title":"negative when b is counter-clockwise of a","duration":0.08010000000001583,"failureMessages":[],"meta":{}},{"ancestorTitles":["angleDelta"],"fullName":"angleDelta crosses north with correct sign: 350° to 10° is +20°","status":"passed","title":"crosses north with correct sign: 350° to 10° is +20°","duration":0.10290000000009059,"failureMessages":[],"meta":{}},{"ancestorTitles":["angleDelta"],"fullName":"angleDelta crosses north with correct sign: 10° to 350° is -20°","status":"passed","title":"crosses north with correct sign: 10° to 350° is -20°","duration":0.07330000000001746,"failureMessages":[],"meta":{}},{"ancestorTitles":["angleDelta"],"fullName":"angleDelta opposite directions give ±π","status":"passed","title":"opposite directions give ±π","duration":0.14470000000005712,"failureMessages":[],"meta":{}},{"ancestorTitles":["catmullRomAngle"],"fullName":"catmullRomAngle crosses north smoothly","status":"passed","title":"crosses north smoothly","duration":0.39819999999997435,"failureMessages":[],"meta":{}},{"ancestorTitles":["catmullRomAngle"],"fullName":"catmullRomAngle returns p1 at t=0","status":"passed","title":"returns p1 at t=0","duration":0.1553000000000111,"failureMessages":[],"meta":{}},{"ancestorTitles":["catmullRomAngle"],"fullName":"catmullRomAngle returns p2 at t=1","status":"passed","title":"returns p2 at t=1","duration":0.07799999999997453,"failureMessages":[],"meta":{}},{"ancestorTitles":["createRandom (seeded)"],"fullName":"createRandom (seeded) produces identical sequences from the same seed","status":"passed","title":"produces identical sequences from the same seed","duration":2.12519999999995,"failureMessages":[],"meta":{}},{"ancestorTitles":["createRandom (seeded)"],"fullName":"createRandom (seeded) produces different sequences from different seeds","status":"passed","title":"produces different sequences from different seeds","duration":0.38659999999993033,"failureMessages":[],"meta":{}},{"ancestorTitles":["createRandom (seeded)"],"fullName":"createRandom (seeded) values are in [0, 1)","status":"passed","title":"values are in [0, 1)","duration":48.67169999999999,"failureMessages":[],"meta":{}},{"ancestorTitles":["createRandom (seeded)"],"fullName":"createRandom (seeded) fork produces independent streams","status":"passed","title":"fork produces independent streams","duration":0.5975000000000819,"failureMessages":[],"meta":{}},{"ancestorTitles":["integrateOrientation"],"fullName":"integrateOrientation maintains unit norm over 100k steps with no NaN","status":"passed","title":"maintains unit norm over 100k steps with no NaN","duration":15.793699999999944,"failureMessages":[],"meta":{}},{"ancestorTitles":["integrateOrientation"],"fullName":"integrateOrientation does not change orientation with zero angular velocity","status":"passed","title":"does not change orientation with zero angular velocity","duration":0.39610000000004675,"failureMessages":[],"meta":{}},{"ancestorTitles":["bearingToDirection / directionToBearing round-trip"],"fullName":"bearingToDirection / directionToBearing round-trip round-trips through representative bearings","status":"passed","title":"round-trips through representative bearings","duration":2.0066000000000486,"failureMessages":[],"meta":{}},{"ancestorTitles":["bearingToDirection / directionToBearing round-trip"],"fullName":"bearingToDirection / directionToBearing round-trip north (0°) maps to (0, 0, -1)","status":"passed","title":"north (0°) maps to (0, 0, -1)","duration":0.483600000000024,"failureMessages":[],"meta":{}},{"ancestorTitles":["bearingToDirection / directionToBearing round-trip"],"fullName":"bearingToDirection / directionToBearing round-trip east (90°) maps to (1, 0, 0)","status":"passed","title":"east (90°) maps to (1, 0, 0)","duration":0.3362999999999374,"failureMessages":[],"meta":{}},{"ancestorTitles":["windVector"],"fullName":"windVector points OPPOSITE the meteorological from-direction","status":"passed","title":"points OPPOSITE the meteorological from-direction","duration":0.29920000000004165,"failureMessages":[],"meta":{}},{"ancestorTitles":["windVector"],"fullName":"windVector wind from west (270°) blows towards east (+x)","status":"passed","title":"wind from west (270°) blows towards east (+x)","duration":0.15379999999993288,"failureMessages":[],"meta":{}},{"ancestorTitles":["windVector"],"fullName":"windVector magnitude equals the speed parameter","status":"passed","title":"magnitude equals the speed parameter","duration":0.12229999999999563,"failureMessages":[],"meta":{}},{"ancestorTitles":["sampleCurve"],"fullName":"sampleCurve clamps at the low end","status":"passed","title":"clamps at the low end","duration":0.33600000000001273,"failureMessages":[],"meta":{}},{"ancestorTitles":["sampleCurve"],"fullName":"sampleCurve clamps at the high end","status":"passed","title":"clamps at the high end","duration":0.37029999999992924,"failureMessages":[],"meta":{}},{"ancestorTitles":["sampleCurve"],"fullName":"sampleCurve returns exact values at control points","status":"passed","title":"returns exact values at control points","duration":0.3423000000000229,"failureMessages":[],"meta":{}},{"ancestorTitles":["sampleCurve"],"fullName":"sampleCurve interpolates linearly between points","status":"passed","title":"interpolates linearly between points","duration":0.3747000000000753,"failureMessages":[],"meta":{}},{"ancestorTitles":["sampleCurve"],"fullName":"sampleCurve returns 0 for an empty curve","status":"passed","title":"returns 0 for an empty curve","duration":0.14190000000007785,"failureMessages":[],"meta":{}},{"ancestorTitles":["sampleCurve"],"fullName":"sampleCurve returns the single value for a one-point curve","status":"passed","title":"returns the single value for a one-point curve","duration":0.1594000000000051,"failureMessages":[],"meta":{}}],"startTime":1784947761224,"endTime":1784947761302.1594,"status":"passed","message":"","name":"C:/Users/ronme/Documents/src/github.com/m3ssana/sailing/tests/unit/core/math.test.ts"},{"assertionResults":[{"ancestorTitles":["ObjectPool"],"fullName":"ObjectPool returns newly created objects when empty","status":"passed","title":"returns newly created objects when empty","duration":1.586400000000026,"failureMessages":[],"meta":{}},{"ancestorTitles":["ObjectPool"],"fullName":"ObjectPool reuses released objects","status":"passed","title":"reuses released objects","duration":0.3342000000000098,"failureMessages":[],"meta":{}},{"ancestorTitles":["ObjectPool"],"fullName":"ObjectPool calls reset on acquire","status":"passed","title":"calls reset on acquire","duration":0.24080000000003565,"failureMessages":[],"meta":{}},{"ancestorTitles":["ObjectPool"],"fullName":"ObjectPool preallocates the requested number of objects","status":"passed","title":"preallocates the requested number of objects","duration":0.2782999999999447,"failureMessages":[],"meta":{}},{"ancestorTitles":["ObjectPool"],"fullName":"ObjectPool tracks high water mark","status":"passed","title":"tracks high water mark","duration":0.3485000000000582,"failureMessages":[],"meta":{}},{"ancestorTitles":["ObjectPool"],"fullName":"ObjectPool releaseAll resets outstanding count","status":"passed","title":"releaseAll resets outstanding count","duration":0.19529999999997472,"failureMessages":[],"meta":{}},{"ancestorTitles":["makeVec3Pool"],"fullName":"makeVec3Pool returns Vec3 objects initialized to zero","status":"passed","title":"returns Vec3 objects initialized to zero","duration":1.0612999999999602,"failureMessages":[],"meta":{}},{"ancestorTitles":["makeVec3Pool"],"fullName":"makeVec3Pool resets to zero on re-acquire","status":"passed","title":"resets to zero on re-acquire","duration":0.21870000000001255,"failureMessages":[],"meta":{}},{"ancestorTitles":["makeQuatPool"],"fullName":"makeQuatPool returns Quat objects initialized to identity","status":"passed","title":"returns Quat objects initialized to identity","duration":0.48460000000000036,"failureMessages":[],"meta":{}},{"ancestorTitles":["makeQuatPool"],"fullName":"makeQuatPool resets to identity on re-acquire","status":"passed","title":"resets to identity on re-acquire","duration":0.36400000000003274,"failureMessages":[],"meta":{}}],"startTime":1784947761113,"endTime":1784947761118.364,"status":"passed","message":"","name":"C:/Users/ronme/Documents/src/github.com/m3ssana/sailing/tests/unit/core/pool.test.ts"},{"assertionResults":[{"ancestorTitles":["SessionClock"],"fullName":"SessionClock advances by wall delta × compression","status":"passed","title":"advances by wall delta × compression","duration":2.235300000000052,"failureMessages":[],"meta":{}},{"ancestorTitles":["SessionClock"],"fullName":"SessionClock defaults to compression 8","status":"passed","title":"defaults to compression 8","duration":0.5537000000000489,"failureMessages":[],"meta":{}},{"ancestorTitles":["SessionClock"],"fullName":"SessionClock accumulates session time across multiple ticks","status":"passed","title":"accumulates session time across multiple ticks","duration":0.23079999999993106,"failureMessages":[],"meta":{}},{"ancestorTitles":["SessionClock"],"fullName":"SessionClock does not advance when paused","status":"passed","title":"does not advance when paused","duration":0.4732000000000198,"failureMessages":[],"meta":{}},{"ancestorTitles":["SessionClock"],"fullName":"SessionClock resumes correctly","status":"passed","title":"resumes correctly","duration":0.28489999999999327,"failureMessages":[],"meta":{}},{"ancestorTitles":["SessionClock"],"fullName":"SessionClock clamps large deltas (tab switch)","status":"passed","title":"clamps large deltas (tab switch)","duration":0.26729999999997744,"failureMessages":[],"meta":{}},{"ancestorTitles":["SessionClock"],"fullName":"SessionClock clamps negative deltas to zero","status":"passed","title":"clamps negative deltas to zero","duration":0.2115000000000009,"failureMessages":[],"meta":{}},{"ancestorTitles":["SessionClock"],"fullName":"SessionClock setTimeCompression clamps to 1..60","status":"passed","title":"setTimeCompression clamps to 1..60","duration":0.4925999999999249,"failureMessages":[],"meta":{}},{"ancestorTitles":["SessionClock"],"fullName":"SessionClock uses updated compression immediately","status":"passed","title":"uses updated compression immediately","duration":0.5102000000000544,"failureMessages":[],"meta":{}}],"startTime":1784947761797,"endTime":1784947761802.5103,"status":"passed","message":"","name":"C:/Users/ronme/Documents/src/github.com/m3ssana/sailing/tests/unit/core/time.test.ts"},{"assertionResults":[{"ancestorTitles":["Solar position"],"fullName":"Solar position Newport RI — 2023-06-21 12:00 EDT (summer solstice noon)","status":"passed","title":"Newport RI — 2023-06-21 12:00 EDT (summer solstice noon)","duration":2.170300000000111,"failureMessages":[],"meta":{}},{"ancestorTitles":["Solar position"],"fullName":"Solar position Sydney — 2023-12-22 12:00 AEDT (summer solstice noon)","status":"passed","title":"Sydney — 2023-12-22 12:00 AEDT (summer solstice noon)","duration":0.4194999999999709,"failureMessages":[],"meta":{}},{"ancestorTitles":["Solar position"],"fullName":"Solar position Cape Town — 2023-06-21 12:00 SAST (winter solstice noon)","status":"passed","title":"Cape Town — 2023-06-21 12:00 SAST (winter solstice noon)","duration":0.32569999999998345,"failureMessages":[],"meta":{}},{"ancestorTitles":["Solar position"],"fullName":"Solar position sun is below horizon at local midnight","status":"passed","title":"sun is below horizon at local midnight","duration":0.27880000000004657,"failureMessages":[],"meta":{}},{"ancestorTitles":["Night detection"],"fullName":"Night detection detects night at real local midnight","status":"passed","title":"detects night at real local midnight","duration":0.8262000000000853,"failureMessages":[],"meta":{}},{"ancestorTitles":["Night detection"],"fullName":"Night detection detects daytime at local noon","status":"passed","title":"detects daytime at local noon","duration":0.265700000000038,"failureMessages":[],"meta":{}},{"ancestorTitles":["Night detection"],"fullName":"Night detection threshold is -0.5 degrees","status":"passed","title":"threshold is -0.5 degrees","duration":0.29969999999991614,"failureMessages":[],"meta":{}},{"ancestorTitles":["Lunar position"],"fullName":"Lunar position returns elevation in valid range","status":"passed","title":"returns elevation in valid range","duration":0.37220000000002074,"failureMessages":[],"meta":{}},{"ancestorTitles":["Sidereal time"],"fullName":"Sidereal time returns value in [0, 2π)","status":"passed","title":"returns value in [0, 2π)","duration":0.4338000000000193,"failureMessages":[],"meta":{}},{"ancestorTitles":["Sidereal time"],"fullName":"Sidereal time increases with longitude","status":"passed","title":"increases with longitude","duration":0.22640000000001237,"failureMessages":[],"meta":{}},{"ancestorTitles":["SkyState cloud passthrough"],"fullName":"SkyState cloud passthrough passes cloud fractions through unchanged","status":"passed","title":"passes cloud fractions through unchanged","duration":0.26949999999999363,"failureMessages":[],"meta":{}}],"startTime":1784947761088,"endTime":1784947761095.2695,"status":"passed","message":"","name":"C:/Users/ronme/Documents/src/github.com/m3ssana/sailing/tests/unit/environment/sky.test.ts"},{"assertionResults":[{"ancestorTitles":["TideModel"],"fullName":"TideModel height oscillates with semidiurnal period","status":"passed","title":"height oscillates with semidiurnal period","duration":2.956700000000069,"failureMessages":[],"meta":{}},{"ancestorTitles":["TideModel"],"fullName":"TideModel amplitude matches profile","status":"passed","title":"amplitude matches profile","duration":0.6798000000000002,"failureMessages":[],"meta":{}},{"ancestorTitles":["TideModel"],"fullName":"TideModel current reverses across high water","status":"passed","title":"current reverses across high water","duration":0.47100000000000364,"failureMessages":[],"meta":{}},{"ancestorTitles":["TideModel"],"fullName":"TideModel nextReversal returns a time after t","status":"passed","title":"nextReversal returns a time after t","duration":0.4601999999999862,"failureMessages":[],"meta":{}},{"ancestorTitles":["CurrentField"],"fullName":"CurrentField combines base current and tidal current","status":"passed","title":"combines base current and tidal current","duration":0.5500000000000682,"failureMessages":[],"meta":{}},{"ancestorTitles":["CurrentField"],"fullName":"CurrentField tideHeight varies over time","status":"passed","title":"tideHeight varies over time","duration":0.35599999999999454,"failureMessages":[],"meta":{}},{"ancestorTitles":["CurrentField"],"fullName":"CurrentField venturi effect increases current in shallower water","status":"passed","title":"venturi effect increases current in shallower water","duration":0.28329999999994016,"failureMessages":[],"meta":{}}],"startTime":1784947761757,"endTime":1784947761763.2832,"status":"passed","message":"","name":"C:/Users/ronme/Documents/src/github.com/m3ssana/sailing/tests/unit/environment/tide.test.ts"},{"assertionResults":[{"ancestorTitles":["WindField determinism"],"fullName":"WindField determinism same (seed, snapshot) yields identical samples from two independent fields","status":"passed","title":"same (seed, snapshot) yields identical samples from two independent fields","duration":5.494100000000117,"failureMessages":[],"meta":{}},{"ancestorTitles":["WindField determinism"],"fullName":"WindField determinism different seeds yield different samples","status":"passed","title":"different seeds yield different samples","duration":1.6872000000000753,"failureMessages":[],"meta":{}},{"ancestorTitles":["Gust coherence and anisotropy"],"fullName":"Gust coherence and anisotropy correlation along wind axis is higher than across it","status":"passed","title":"correlation along wind axis is higher than across it","duration":2.6107999999999265,"failureMessages":[],"meta":{}},{"ancestorTitles":["Gust magnitude bounds"],"fullName":"Gust magnitude bounds never exceeds gustCeiling and never goes below zero","status":"passed","title":"never exceeds gustCeiling and never goes below zero","duration":618.9652000000001,"failureMessages":[],"meta":{}},{"ancestorTitles":["Gust magnitude bounds"],"fullName":"Gust magnitude bounds gustFactor stays within expected range","status":"passed","title":"gustFactor stays within expected range","duration":1.0790999999999258,"failureMessages":[],"meta":{}},{"ancestorTitles":["Oscillation amplitude scales with stability"],"fullName":"Oscillation amplitude scales with stability unstable conditions produce larger direction swings","status":"passed","title":"unstable conditions produce larger direction swings","duration":1.9713999999999032,"failureMessages":[],"meta":{}},{"ancestorTitles":["Vertical gradient"],"fullName":"Vertical gradient wind at 10m exceeds wind at 1m","status":"passed","title":"wind at 10m exceeds wind at 1m","duration":0.31520000000000437,"failureMessages":[],"meta":{}},{"ancestorTitles":["Vertical gradient"],"fullName":"Vertical gradient matches the power law","status":"passed","title":"matches the power law","duration":0.252100000000155,"failureMessages":[],"meta":{}},{"ancestorTitles":["sampleGustGridInto allocation freedom"],"fullName":"sampleGustGridInto allocation freedom does not allocate — buffer is caller-owned and reused","status":"passed","title":"does not allocate — buffer is caller-owned and reused","duration":123.39060000000018,"failureMessages":[],"meta":{}},{"ancestorTitles":["sampleGustGridInto allocation freedom"],"fullName":"sampleGustGridInto allocation freedom fills the correct number of cells","status":"passed","title":"fills the correct number of cells","duration":1.5515000000000327,"failureMessages":[],"meta":{}}],"startTime":1784947761433,"endTime":1784947762192.5515,"status":"passed","message":"","name":"C:/Users/ronme/Documents/src/github.com/m3ssana/sailing/tests/unit/environment/wind.test.ts"},{"assertionResults":[{"ancestorTitles":["computeVolume"],"fullName":"computeVolume computes volume of a 1×1×1 box as 1.0","status":"passed","title":"computes volume of a 1×1×1 box as 1.0","duration":2.3786999999999807,"failureMessages":[],"meta":{}},{"ancestorTitles":["computeVolume"],"fullName":"computeVolume computes volume of a 2×3×4 box as 24.0","status":"passed","title":"computes volume of a 2×3×4 box as 24.0","duration":0.3284999999999627,"failureMessages":[],"meta":{}},{"ancestorTitles":["computeVolume"],"fullName":"computeVolume volume equals width × height × depth analytically","status":"passed","title":"volume equals width × height × depth analytically","duration":0.5205999999999449,"failureMessages":[],"meta":{}},{"ancestorTitles":["computeVolume"],"fullName":"computeVolume computes positive volume for a tetrahedron","status":"passed","title":"computes positive volume for a tetrahedron","duration":0.1611000000000331,"failureMessages":[],"meta":{}},{"ancestorTitles":["computeSurfaceArea"],"fullName":"computeSurfaceArea computes surface area of a 1×1×1 box as 6.0","status":"passed","title":"computes surface area of a 1×1×1 box as 6.0","duration":0.31770000000005894,"failureMessages":[],"meta":{}},{"ancestorTitles":["computeSurfaceArea"],"fullName":"computeSurfaceArea computes surface area of a 2×3×4 box as 52.0","status":"passed","title":"computes surface area of a 2×3×4 box as 52.0","duration":0.20240000000001146,"failureMessages":[],"meta":{}},{"ancestorTitles":["assertWatertight"],"fullName":"assertWatertight passes for a valid box","status":"passed","title":"passes for a valid box","duration":0.9677000000000362,"failureMessages":[],"meta":{}},{"ancestorTitles":["assertWatertight"],"fullName":"assertWatertight passes for a tetrahedron","status":"passed","title":"passes for a tetrahedron","duration":0.2758999999999787,"failureMessages":[],"meta":{}},{"ancestorTitles":["assertWatertight"],"fullName":"assertWatertight fails for a mesh with a hole (missing face)","status":"passed","title":"fails for a mesh with a hole (missing face)","duration":0.5288000000000466,"failureMessages":[],"meta":{}},{"ancestorTitles":["assertWatertight"],"fullName":"assertWatertight fails for a single triangle (all boundary edges)","status":"passed","title":"fails for a single triangle (all boundary edges)","duration":0.35340000000007876,"failureMessages":[],"meta":{}},{"ancestorTitles":["assertConsistentWinding"],"fullName":"assertConsistentWinding passes for a valid box","status":"passed","title":"passes for a valid box","duration":0.5778999999999996,"failureMessages":[],"meta":{}},{"ancestorTitles":["assertConsistentWinding"],"fullName":"assertConsistentWinding passes for a tetrahedron","status":"passed","title":"passes for a tetrahedron","duration":0.2822999999999638,"failureMessages":[],"meta":{}},{"ancestorTitles":["assertConsistentWinding"],"fullName":"assertConsistentWinding fails for an inverted box (negative volume)","status":"passed","title":"fails for an inverted box (negative volume)","duration":0.4331000000000813,"failureMessages":[],"meta":{}},{"ancestorTitles":["assertNoDegenerateTriangles"],"fullName":"assertNoDegenerateTriangles passes for a valid box","status":"passed","title":"passes for a valid box","duration":0.5141999999999598,"failureMessages":[],"meta":{}},{"ancestorTitles":["assertNoDegenerateTriangles"],"fullName":"assertNoDegenerateTriangles fails for a triangle with zero area (collinear vertices)","status":"passed","title":"fails for a triangle with zero area (collinear vertices)","duration":0.48050000000000637,"failureMessages":[],"meta":{}},{"ancestorTitles":["assertNoDegenerateTriangles"],"fullName":"assertNoDegenerateTriangles fails for a triangle with coincident vertices","status":"passed","title":"fails for a triangle with coincident vertices","duration":0.32910000000003947,"failureMessages":[],"meta":{}},{"ancestorTitles":["assertFiniteBuffers"],"fullName":"assertFiniteBuffers passes for a valid box","status":"passed","title":"passes for a valid box","duration":0.6439000000000306,"failureMessages":[],"meta":{}},{"ancestorTitles":["assertFiniteBuffers"],"fullName":"assertFiniteBuffers fails when positions contain NaN","status":"passed","title":"fails when positions contain NaN","duration":0.39850000000001273,"failureMessages":[],"meta":{}},{"ancestorTitles":["assertFiniteBuffers"],"fullName":"assertFiniteBuffers fails when normals contain Infinity","status":"passed","title":"fails when normals contain Infinity","duration":0.33559999999999945,"failureMessages":[],"meta":{}},{"ancestorTitles":["assertDeterministic"],"fullName":"assertDeterministic passes for BoxGenerator","status":"passed","title":"passes for BoxGenerator","duration":0.6276000000000295,"failureMessages":[],"meta":{}},{"ancestorTitles":["assertDeterministic"],"fullName":"assertDeterministic passes for BoxGenerator with different seeds","status":"passed","title":"passes for BoxGenerator with different seeds","duration":0.46899999999993724,"failureMessages":[],"meta":{}}],"startTime":1784947761126,"endTime":1784947761138.469,"status":"passed","message":"","name":"C:/Users/ronme/Documents/src/github.com/m3ssana/sailing/tests/unit/generation/geometryAssertions.test.ts"},{"assertionResults":[{"ancestorTitles":["GeneratorRegistry"],"fullName":"GeneratorRegistry registers and retrieves a generator","status":"passed","title":"registers and retrieves a generator","duration":2.300700000000006,"failureMessages":[],"meta":{}},{"ancestorTitles":["GeneratorRegistry"],"fullName":"GeneratorRegistry returns undefined for unknown id","status":"passed","title":"returns undefined for unknown id","duration":0.4510999999999967,"failureMessages":[],"meta":{}},{"ancestorTitles":["GeneratorRegistry"],"fullName":"GeneratorRegistry hasGenerator returns correct boolean","status":"passed","title":"hasGenerator returns correct boolean","duration":0.2860000000000582,"failureMessages":[],"meta":{}},{"ancestorTitles":["GeneratorRegistry"],"fullName":"GeneratorRegistry throws on duplicate registration","status":"passed","title":"throws on duplicate registration","duration":1.0954999999999018,"failureMessages":[],"meta":{}},{"ancestorTitles":["GeneratorRegistry"],"fullName":"GeneratorRegistry clearRegistry removes all generators","status":"passed","title":"clearRegistry removes all generators","duration":0.32930000000010295,"failureMessages":[],"meta":{}},{"ancestorTitles":["deriveCacheKey"],"fullName":"deriveCacheKey produces deterministic keys for the same input","status":"passed","title":"produces deterministic keys for the same input","duration":0.5557000000000016,"failureMessages":[],"meta":{}},{"ancestorTitles":["deriveCacheKey"],"fullName":"deriveCacheKey produces different keys for different generators","status":"passed","title":"produces different keys for different generators","duration":1.1240000000000236,"failureMessages":[],"meta":{}},{"ancestorTitles":["deriveCacheKey"],"fullName":"deriveCacheKey produces different keys for different params","status":"passed","title":"produces different keys for different params","duration":0.26139999999998054,"failureMessages":[],"meta":{}},{"ancestorTitles":["deriveCacheKey"],"fullName":"deriveCacheKey produces different keys for different seeds","status":"passed","title":"produces different keys for different seeds","duration":0.41620000000000346,"failureMessages":[],"meta":{}},{"ancestorTitles":["deriveCacheKey"],"fullName":"deriveCacheKey is insensitive to property order in params","status":"passed","title":"is insensitive to property order in params","duration":0.2817000000000007,"failureMessages":[],"meta":{}},{"ancestorTitles":["deriveCacheKey"],"fullName":"deriveCacheKey includes the cache version in the key","status":"passed","title":"includes the cache version in the key","duration":0.28120000000001255,"failureMessages":[],"meta":{}},{"ancestorTitles":["derivePoolSize"],"fullName":"derivePoolSize clamps to minimum 1","status":"passed","title":"clamps to minimum 1","duration":0.2337999999999738,"failureMessages":[],"meta":{}},{"ancestorTitles":["derivePoolSize"],"fullName":"derivePoolSize clamps to maximum 4","status":"passed","title":"clamps to maximum 4","duration":0.1369000000000824,"failureMessages":[],"meta":{}},{"ancestorTitles":["derivePoolSize"],"fullName":"derivePoolSize uses hardwareConcurrency - 1","status":"passed","title":"uses hardwareConcurrency - 1","duration":0.15489999999999782,"failureMessages":[],"meta":{}},{"ancestorTitles":["derivePoolSize"],"fullName":"derivePoolSize caps at 4 even for high concurrency","status":"passed","title":"caps at 4 even for high concurrency","duration":0.12040000000001783,"failureMessages":[],"meta":{}},{"ancestorTitles":["runGenerationPhaseDirect"],"fullName":"runGenerationPhaseDirect runs a single job and returns the model","status":"passed","title":"runs a single job and returns the model","duration":1.287499999999909,"failureMessages":[],"meta":{}},{"ancestorTitles":["runGenerationPhaseDirect"],"fullName":"runGenerationPhaseDirect runs multiple jobs respecting priority","status":"passed","title":"runs multiple jobs respecting priority","duration":0.6306999999999334,"failureMessages":[],"meta":{}},{"ancestorTitles":["runGenerationPhaseDirect"],"fullName":"runGenerationPhaseDirect throws for unknown generator","status":"passed","title":"throws for unknown generator","duration":1.0410000000000537,"failureMessages":[],"meta":{}},{"ancestorTitles":["runGenerationPhaseDirect"],"fullName":"runGenerationPhaseDirect reports progress with increasing fractions","status":"passed","title":"reports progress with increasing fractions","duration":0.6644000000000005,"failureMessages":[],"meta":{}},{"ancestorTitles":["computeBounds"],"fullName":"computeBounds computes correct bounds for a unit cube","status":"passed","title":"computes correct bounds for a unit cube","duration":0.5093000000000529,"failureMessages":[],"meta":{}},{"ancestorTitles":["computeBounds"],"fullName":"computeBounds returns zero bounds for empty buffer","status":"passed","title":"returns zero bounds for empty buffer","duration":0.2198000000000775,"failureMessages":[],"meta":{}},{"ancestorTitles":["computeNormals"],"fullName":"computeNormals produces unit-length normals","status":"passed","title":"produces unit-length normals","duration":0.7153000000000702,"failureMessages":[],"meta":{}},{"ancestorTitles":["mergeMeshes"],"fullName":"mergeMeshes merges two meshes with correct index offsets","status":"passed","title":"merges two meshes with correct index offsets","duration":0.7230999999999312,"failureMessages":[],"meta":{}},{"ancestorTitles":["mergeMeshes"],"fullName":"mergeMeshes returns empty mesh for empty array","status":"passed","title":"returns empty mesh for empty array","duration":0.21199999999998909,"failureMessages":[],"meta":{}},{"ancestorTitles":["gatherTransferables"],"fullName":"gatherTransferables collects all unique buffers from a model","status":"passed","title":"collects all unique buffers from a model","duration":0.4920999999999367,"failureMessages":[],"meta":{}},{"ancestorTitles":["gatherTransferables"],"fullName":"gatherTransferables deduplicates shared buffers","status":"passed","title":"deduplicates shared buffers","duration":0.1974999999999909,"failureMessages":[],"meta":{}},{"ancestorTitles":["BoxGenerator"],"fullName":"BoxGenerator has id \"box\"","status":"passed","title":"has id \"box\"","duration":0.12819999999999254,"failureMessages":[],"meta":{}},{"ancestorTitles":["BoxGenerator"],"fullName":"BoxGenerator produces one mesh with one group","status":"passed","title":"produces one mesh with one group","duration":0.19110000000000582,"failureMessages":[],"meta":{}},{"ancestorTitles":["BoxGenerator"],"fullName":"BoxGenerator produces 8 vertices and 36 indices (6 faces × 2 tris)","status":"passed","title":"produces 8 vertices and 36 indices (6 faces × 2 tris)","duration":0.21090000000003783,"failureMessages":[],"meta":{}},{"ancestorTitles":["BoxGenerator"],"fullName":"BoxGenerator includes volume and surface area in meta","status":"passed","title":"includes volume and surface area in meta","duration":0.18999999999994088,"failureMessages":[],"meta":{}}],"startTime":1784947761344,"endTime":1784947761361.211,"status":"passed","message":"","name":"C:/Users/ronme/Documents/src/github.com/m3ssana/sailing/tests/unit/generation/harness.test.ts"},{"assertionResults":[{"ancestorTitles":["curves","resampleByArcLength2D"],"fullName":"curves resampleByArcLength2D preserves first and last endpoints","status":"passed","title":"preserves first and last endpoints","duration":3.9726000000000568,"failureMessages":[],"meta":{}},{"ancestorTitles":["curves","resampleByArcLength2D"],"fullName":"curves resampleByArcLength2D produces evenly-spaced points","status":"passed","title":"produces evenly-spaced points","duration":0.9990000000000236,"failureMessages":[],"meta":{}},{"ancestorTitles":["curves","resampleByArcLength2D"],"fullName":"curves resampleByArcLength2D handles a curve with varying directions","status":"passed","title":"handles a curve with varying directions","duration":0.9591000000000349,"failureMessages":[],"meta":{}},{"ancestorTitles":["curves","resampleByArcLength3D"],"fullName":"curves resampleByArcLength3D preserves endpoints in 3D","status":"passed","title":"preserves endpoints in 3D","duration":0.9632000000001426,"failureMessages":[],"meta":{}},{"ancestorTitles":["curves","catmullRomSpline2D"],"fullName":"curves catmullRomSpline2D produces smooth interpolation through control points","status":"passed","title":"produces smooth interpolation through control points","duration":1.2687000000000808,"failureMessages":[],"meta":{}},{"ancestorTitles":["curves","catmullRomSpline2D"],"fullName":"curves catmullRomSpline2D handles closed curves","status":"passed","title":"handles closed curves","duration":0.3088999999999942,"failureMessages":[],"meta":{}},{"ancestorTitles":["curves","catmullRomSpline3D"],"fullName":"curves catmullRomSpline3D produces interpolation in 3D","status":"passed","title":"produces interpolation in 3D","duration":0.9783999999999651,"failureMessages":[],"meta":{}},{"ancestorTitles":["curves","cubicBezier2D"],"fullName":"curves cubicBezier2D evaluates endpoints correctly","status":"passed","title":"evaluates endpoints correctly","duration":0.39439999999990505,"failureMessages":[],"meta":{}},{"ancestorTitles":["lofting"],"fullName":"lofting produces a watertight lofted tube when capped with closed rings","status":"passed","title":"produces a watertight lofted tube when capped with closed rings","duration":4.683800000000019,"failureMessages":[],"meta":{}},{"ancestorTitles":["lofting"],"fullName":"lofting lofts a tapered tube correctly","status":"passed","title":"lofts a tapered tube correctly","duration":2.8968999999999596,"failureMessages":[],"meta":{}},{"ancestorTitles":["lofting"],"fullName":"lofting rejects sections with different point counts","status":"passed","title":"rejects sections with different point counts","duration":1.3998999999998887,"failureMessages":[],"meta":{}},{"ancestorTitles":["lofting"],"fullName":"lofting rejects fewer than 2 sections","status":"passed","title":"rejects fewer than 2 sections","duration":0.26700000000005275,"failureMessages":[],"meta":{}},{"ancestorTitles":["sweep","sweepTube"],"fullName":"sweep sweepTube produces a watertight tube along a straight path","status":"passed","title":"produces a watertight tube along a straight path","duration":1.8237000000001444,"failureMessages":[],"meta":{}},{"ancestorTitles":["sweep","sweepTube"],"fullName":"sweep sweepTube produces a tapered tube (mast shape)","status":"passed","title":"produces a tapered tube (mast shape)","duration":1.3967999999999847,"failureMessages":[],"meta":{}},{"ancestorTitles":["sweep","sweepTube"],"fullName":"sweep sweepTube does not twist along an S-curve path","status":"passed","title":"does not twist along an S-curve path","duration":3.0441000000000713,"failureMessages":[],"meta":{}},{"ancestorTitles":["sweep","ribbon"],"fullName":"sweep ribbon produces a valid ribbon mesh","status":"passed","title":"produces a valid ribbon mesh","duration":0.6502000000000407,"failureMessages":[],"meta":{}},{"ancestorTitles":["extrude","extrudePolygon"],"fullName":"extrude extrudePolygon produces correct volume for a square extrusion","status":"passed","title":"produces correct volume for a square extrusion","duration":2.6287999999999556,"failureMessages":[],"meta":{}},{"ancestorTitles":["extrude","extrudePolygon"],"fullName":"extrude extrudePolygon produces correct volume for a triangle extrusion","status":"passed","title":"produces correct volume for a triangle extrusion","duration":0.33969999999999345,"failureMessages":[],"meta":{}},{"ancestorTitles":["extrude","extrudePolygon"],"fullName":"extrude extrudePolygon handles bevel option without breaking geometry","status":"passed","title":"handles bevel option without breaking geometry","duration":1.1989999999998417,"failureMessages":[],"meta":{}},{"ancestorTitles":["extrude","revolve"],"fullName":"extrude revolve produces a valid revolved shape","status":"passed","title":"produces a valid revolved shape","duration":0.5485000000001037,"failureMessages":[],"meta":{}},{"ancestorTitles":["extrude","revolve"],"fullName":"extrude revolve handles partial arc","status":"passed","title":"handles partial arc","duration":0.21250000000009095,"failureMessages":[],"meta":{}},{"ancestorTitles":["triangulate"],"fullName":"triangulate triangulates a convex polygon (square)","status":"passed","title":"triangulates a convex polygon (square)","duration":0.9565999999999804,"failureMessages":[],"meta":{}},{"ancestorTitles":["triangulate"],"fullName":"triangulate triangulates a concave polygon (L-shape)","status":"passed","title":"triangulates a concave polygon (L-shape)","duration":1.0631000000000768,"failureMessages":[],"meta":{}},{"ancestorTitles":["triangulate"],"fullName":"triangulate triangulates a polygon with a hole","status":"passed","title":"triangulates a polygon with a hole","duration":1.9465999999999894,"failureMessages":[],"meta":{}},{"ancestorTitles":["triangulate"],"fullName":"triangulate handles a pentagon (odd vertex count, concave-safe)","status":"passed","title":"handles a pentagon (odd vertex count, concave-safe)","duration":0.39650000000006,"failureMessages":[],"meta":{}},{"ancestorTitles":["chamfer"],"fullName":"chamfer chamferSize returns 1.5% of major dimension by default","status":"passed","title":"chamferSize returns 1.5% of major dimension by default","duration":0.21810000000004948,"failureMessages":[],"meta":{}},{"ancestorTitles":["chamfer"],"fullName":"chamfer chamferSize respects custom fraction","status":"passed","title":"chamferSize respects custom fraction","duration":0.13930000000004839,"failureMessages":[],"meta":{}},{"ancestorTitles":["chamfer"],"fullName":"chamfer bevelProfile produces a quarter-circle arc","status":"passed","title":"bevelProfile produces a quarter-circle arc","duration":0.7738000000001648,"failureMessages":[],"meta":{}},{"ancestorTitles":["chamfer"],"fullName":"chamfer bevelledRect produces a closed profile with rounded corners","status":"passed","title":"bevelledRect produces a closed profile with rounded corners","duration":2.415200000000141,"failureMessages":[],"meta":{}},{"ancestorTitles":["noise"],"fullName":"noise creates deterministic 2D noise from seed","status":"passed","title":"creates deterministic 2D noise from seed","duration":1.5316000000000258,"failureMessages":[],"meta":{}},{"ancestorTitles":["noise"],"fullName":"noise different seeds produce different noise","status":"passed","title":"different seeds produce different noise","duration":5.283900000000131,"failureMessages":[],"meta":{}},{"ancestorTitles":["noise"],"fullName":"noise noise values are in expected range [-1, 1]","status":"passed","title":"noise values are in expected range [-1, 1]","duration":6.650699999999915,"failureMessages":[],"meta":{}},{"ancestorTitles":["noise"],"fullName":"noise ridged noise produces values in [0, 1]","status":"passed","title":"ridged noise produces values in [0, 1]","duration":4.327499999999873,"failureMessages":[],"meta":{}},{"ancestorTitles":["noise"],"fullName":"noise billow noise produces values in [0, 1]","status":"passed","title":"billow noise produces values in [0, 1]","duration":4.064499999999953,"failureMessages":[],"meta":{}},{"ancestorTitles":["noise"],"fullName":"noise domainWarp produces finite values","status":"passed","title":"domainWarp produces finite values","duration":6.639300000000048,"failureMessages":[],"meta":{}},{"ancestorTitles":["noise"],"fullName":"noise creates deterministic 3D noise","status":"passed","title":"creates deterministic 3D noise","duration":1.036600000000135,"failureMessages":[],"meta":{}}],"startTime":1784947761436,"endTime":1784947761506.0366,"status":"passed","message":"","name":"C:/Users/ronme/Documents/src/github.com/m3ssana/sailing/tests/unit/generation/toolkit.test.ts"},{"assertionResults":[{"ancestorTitles":["Direction conventions"],"fullName":"Direction conventions wind direction is FROM (meteorological convention)","status":"passed","title":"wind direction is FROM (meteorological convention)","duration":5.304400000000101,"failureMessages":[],"meta":{}},{"ancestorTitles":["Direction conventions"],"fullName":"Direction conventions current direction is TOWARDS (opposite to wind convention)","status":"passed","title":"current direction is TOWARDS (opposite to wind convention)","duration":0.9397999999999911,"failureMessages":[],"meta":{}},{"ancestorTitles":["Direction conventions"],"fullName":"Direction conventions wave direction is FROM (same convention as wind)","status":"passed","title":"wave direction is FROM (same convention as wind)","duration":0.5419999999999163,"failureMessages":[],"meta":{}},{"ancestorTitles":["Marine data detection"],"fullName":"Marine data detection detects valid marine response","status":"passed","title":"detects valid marine response","duration":0.5434000000000196,"failureMessages":[],"meta":{}},{"ancestorTitles":["Marine data detection"],"fullName":"Marine data detection detects null marine response (inland lake)","status":"passed","title":"detects null marine response (inland lake)","duration":0.3039999999999736,"failureMessages":[],"meta":{}},{"ancestorTitles":["Marine data detection"],"fullName":"Marine data detection detects null input","status":"passed","title":"detects null input","duration":0.23099999999999454,"failureMessages":[],"meta":{}},{"ancestorTitles":["Inland-lake wave synthesis"],"fullName":"Inland-lake wave synthesis synthesizes sea state from wind when marine data is null","status":"passed","title":"synthesizes sea state from wind when marine data is null","duration":1.000099999999975,"failureMessages":[],"meta":{}},{"ancestorTitles":["Inland-lake wave synthesis"],"fullName":"Inland-lake wave synthesis synthesized waves align with wind direction","status":"passed","title":"synthesized waves align with wind direction","duration":0.48290000000008604,"failureMessages":[],"meta":{}},{"ancestorTitles":["Inland-lake wave synthesis"],"fullName":"Inland-lake wave synthesis synthesized wave height increases with wind speed","status":"passed","title":"synthesized wave height increases with wind speed","duration":0.946399999999926,"failureMessages":[],"meta":{}},{"ancestorTitles":["Inland-lake wave synthesis"],"fullName":"Inland-lake wave synthesis synthesized waves have no swell on inland lakes","status":"passed","title":"synthesized waves have no swell on inland lakes","duration":0.5096000000000913,"failureMessages":[],"meta":{}},{"ancestorTitles":["Inland-lake wave synthesis"],"fullName":"Inland-lake wave synthesis handles all-null marine response the same as null","status":"passed","title":"handles all-null marine response the same as null","duration":0.5751999999999953,"failureMessages":[],"meta":{}}],"startTime":1784947761347,"endTime":1784947761358.5752,"status":"passed","message":"","name":"C:/Users/ronme/Documents/src/github.com/m3ssana/sailing/tests/unit/weather/directions.test.ts"},{"assertionResults":[{"ancestorTitles":["Circular interpolation"],"fullName":"Circular interpolation 350° → 10° crosses north (not 180°)","status":"passed","title":"350° → 10° crosses north (not 180°)","duration":2.6327,"failureMessages":[],"meta":{}},{"ancestorTitles":["Circular interpolation"],"fullName":"Circular interpolation 300° → 60° takes the short arc through north","status":"passed","title":"300° → 60° takes the short arc through north","duration":0.70150000000001,"failureMessages":[],"meta":{}},{"ancestorTitles":["Circular interpolation"],"fullName":"Circular interpolation antipodal case (270° → 90°) is mathematically ambiguous","status":"passed","title":"antipodal case (270° → 90°) is mathematically ambiguous","duration":0.4131999999999607,"failureMessages":[],"meta":{}},{"ancestorTitles":["Circular interpolation"],"fullName":"Circular interpolation current direction also uses circular interpolation","status":"passed","title":"current direction also uses circular interpolation","duration":0.32129999999995107,"failureMessages":[],"meta":{}},{"ancestorTitles":["Catmull-Rom speed interpolation"],"fullName":"Catmull-Rom speed interpolation produces smooth buildup without piecewise-linear kinks","status":"passed","title":"produces smooth buildup without piecewise-linear kinks","duration":0.6373999999999569,"failureMessages":[],"meta":{}},{"ancestorTitles":["Catmull-Rom speed interpolation"],"fullName":"Catmull-Rom speed interpolation never produces negative wind speed","status":"passed","title":"never produces negative wind speed","duration":1.9786000000000286,"failureMessages":[],"meta":{}},{"ancestorTitles":["Wave lag behind wind"],"fullName":"Wave lag behind wind wave height lags behind a wind increase","status":"passed","title":"wave height lags behind a wind increase","duration":0.2746999999999389,"failureMessages":[],"meta":{}},{"ancestorTitles":["Wave lag behind wind"],"fullName":"Wave lag behind wind waveLagFromFetch computes reasonable values","status":"passed","title":"waveLagFromFetch computes reasonable values","duration":0.36599999999998545,"failureMessages":[],"meta":{}},{"ancestorTitles":["Time compression"],"fullName":"Time compression 8× compression maps 450s session to 3600s forecast","status":"passed","title":"8× compression maps 450s session to 3600s forecast","duration":0.45429999999998927,"failureMessages":[],"meta":{}}],"startTime":1784947761215,"endTime":1784947761223.4543,"status":"passed","message":"","name":"C:/Users/ronme/Documents/src/github.com/m3ssana/sailing/tests/unit/weather/interpolate.test.ts"},{"assertionResults":[{"ancestorTitles":["Weather normalization","unit conversions"],"fullName":"Weather normalization unit conversions converts wind speed from knots to m/s correctly","status":"passed","title":"converts wind speed from knots to m/s correctly","duration":5.09170000000006,"failureMessages":[],"meta":{}},{"ancestorTitles":["Weather normalization","unit conversions"],"fullName":"Weather normalization unit conversions converts wind direction from degrees to radians","status":"passed","title":"converts wind direction from degrees to radians","duration":0.8636000000000195,"failureMessages":[],"meta":{}},{"ancestorTitles":["Weather normalization","unit conversions"],"fullName":"Weather normalization unit conversions converts gust speed from knots to m/s","status":"passed","title":"converts gust speed from knots to m/s","duration":0.5264999999999418,"failureMessages":[],"meta":{}},{"ancestorTitles":["Weather normalization","unit conversions"],"fullName":"Weather normalization unit conversions converts wave direction from degrees to radians","status":"passed","title":"converts wave direction from degrees to radians","duration":0.6041000000000167,"failureMessages":[],"meta":{}},{"ancestorTitles":["Weather normalization","unit conversions"],"fullName":"Weather normalization unit conversions converts pressure from hPa to Pa","status":"passed","title":"converts pressure from hPa to Pa","duration":0.4995999999999867,"failureMessages":[],"meta":{}},{"ancestorTitles":["Weather normalization","air density"],"fullName":"Weather normalization air density computes density from ideal gas law","status":"passed","title":"computes density from ideal gas law","duration":0.5090999999999894,"failureMessages":[],"meta":{}},{"ancestorTitles":["Weather normalization","air density"],"fullName":"Weather normalization air density cold high-pressure day has higher density than warm low-pressure day","status":"passed","title":"cold high-pressure day has higher density than warm low-pressure day","duration":0.37980000000004566,"failureMessages":[],"meta":{}},{"ancestorTitles":["Weather normalization","stability derivation"],"fullName":"Weather normalization stability derivation produces stability between 0 and 1","status":"passed","title":"produces stability between 0 and 1","duration":0.7370999999999412,"failureMessages":[],"meta":{}},{"ancestorTitles":["Weather normalization","stability derivation"],"fullName":"Weather normalization stability derivation gusty conditions produce higher stability values","status":"passed","title":"gusty conditions produce higher stability values","duration":0.8606999999999516,"failureMessages":[],"meta":{}}],"startTime":1784947761312,"endTime":1784947761322.8606,"status":"passed","message":"","name":"C:/Users/ronme/Documents/src/github.com/m3ssana/sailing/tests/unit/weather/normalize.test.ts"},{"assertionResults":[{"ancestorTitles":["sailLiftCoefficient"],"fullName":"sailLiftCoefficient rises approximately linearly in the attached region","status":"passed","title":"rises approximately linearly in the attached region","duration":1.8725000000000591,"failureMessages":[],"meta":{}},{"ancestorTitles":["sailLiftCoefficient"],"fullName":"sailLiftCoefficient peaks between 1.0 and 1.7 for a cambered sail","status":"passed","title":"peaks between 1.0 and 1.7 for a cambered sail","duration":0.634200000000078,"failureMessages":[],"meta":{}},{"ancestorTitles":["sailLiftCoefficient"],"fullName":"sailLiftCoefficient decays after the peak (post-stall)","status":"passed","title":"decays after the peak (post-stall)","duration":0.27149999999994634,"failureMessages":[],"meta":{}},{"ancestorTitles":["sailLiftCoefficient"],"fullName":"sailLiftCoefficient collapses below luffing threshold (over-eased)","status":"passed","title":"collapses below luffing threshold (over-eased)","duration":0.1573999999999387,"failureMessages":[],"meta":{}},{"ancestorTitles":["sailLiftCoefficient"],"fullName":"sailLiftCoefficient is near zero at alpha = 0","status":"passed","title":"is near zero at alpha = 0","duration":0.1494000000000142,"failureMessages":[],"meta":{}},{"ancestorTitles":["sailLiftCoefficient"],"fullName":"sailLiftCoefficient higher camber produces higher peak C_L","status":"passed","title":"higher camber produces higher peak C_L","duration":0.27769999999998163,"failureMessages":[],"meta":{}},{"ancestorTitles":["sailDragCoefficient"],"fullName":"sailDragCoefficient is small at low alpha (attached flow)","status":"passed","title":"is small at low alpha (attached flow)","duration":0.4033000000000584,"failureMessages":[],"meta":{}},{"ancestorTitles":["sailDragCoefficient"],"fullName":"sailDragCoefficient rises steeply post-stall","status":"passed","title":"rises steeply post-stall","duration":0.1532999999999447,"failureMessages":[],"meta":{}},{"ancestorTitles":["sailDragCoefficient"],"fullName":"sailDragCoefficient includes induced drag proportional to C_L^2","status":"passed","title":"includes induced drag proportional to C_L^2","duration":0.3731999999999971,"failureMessages":[],"meta":{}},{"ancestorTitles":["THE KEY ASYMMETRY: over-trim vs over-ease"],"fullName":"THE KEY ASYMMETRY: over-trim vs over-ease has a clear optimal trim with maximum drive","status":"passed","title":"has a clear optimal trim with maximum drive","duration":0.7210000000000036,"failureMessages":[],"meta":{}},{"ancestorTitles":["THE KEY ASYMMETRY: over-trim vs over-ease"],"fullName":"THE KEY ASYMMETRY: over-trim vs over-ease over-trimmed: heel stays high while drive falls","status":"passed","title":"over-trimmed: heel stays high while drive falls","duration":0.28160000000002583,"failureMessages":[],"meta":{}},{"ancestorTitles":["THE KEY ASYMMETRY: over-trim vs over-ease"],"fullName":"THE KEY ASYMMETRY: over-trim vs over-ease over-eased (luffing): both drive AND heel collapse","status":"passed","title":"over-eased (luffing): both drive AND heel collapse","duration":0.3868999999999687,"failureMessages":[],"meta":{}},{"ancestorTitles":["attachmentFactor and isLuffing"],"fullName":"attachmentFactor and isLuffing is 1 in the fully attached range","status":"passed","title":"is 1 in the fully attached range","duration":0.2576000000000249,"failureMessages":[],"meta":{}},{"ancestorTitles":["attachmentFactor and isLuffing"],"fullName":"attachmentFactor and isLuffing drops below 1 when luffing","status":"passed","title":"drops below 1 when luffing","duration":0.11349999999993088,"failureMessages":[],"meta":{}},{"ancestorTitles":["attachmentFactor and isLuffing"],"fullName":"attachmentFactor and isLuffing drops below 1 post-stall","status":"passed","title":"drops below 1 post-stall","duration":0.09510000000000218,"failureMessages":[],"meta":{}},{"ancestorTitles":["attachmentFactor and isLuffing"],"fullName":"attachmentFactor and isLuffing isLuffing is true below threshold","status":"passed","title":"isLuffing is true below threshold","duration":0.2764999999999418,"failureMessages":[],"meta":{}},{"ancestorTitles":["foilLiftCoefficient"],"fullName":"foilLiftCoefficient is zero at zero alpha (symmetric section)","status":"passed","title":"is zero at zero alpha (symmetric section)","duration":0.17679999999995744,"failureMessages":[],"meta":{}},{"ancestorTitles":["foilLiftCoefficient"],"fullName":"foilLiftCoefficient produces lift proportional to leeway at moderate alpha","status":"passed","title":"produces lift proportional to leeway at moderate alpha","duration":0.11860000000001492,"failureMessages":[],"meta":{}},{"ancestorTitles":["foilLiftCoefficient"],"fullName":"foilLiftCoefficient stalls at high alpha","status":"passed","title":"stalls at high alpha","duration":0.12570000000005166,"failureMessages":[],"meta":{}},{"ancestorTitles":["foilLiftCoefficient"],"fullName":"foilLiftCoefficient is sign-preserving (negative alpha gives negative lift)","status":"passed","title":"is sign-preserving (negative alpha gives negative lift)","duration":0.10599999999999454,"failureMessages":[],"meta":{}},{"ancestorTitles":["foilDragCoefficient"],"fullName":"foilDragCoefficient is small at zero alpha","status":"passed","title":"is small at zero alpha","duration":0.24860000000001037,"failureMessages":[],"meta":{}},{"ancestorTitles":["foilDragCoefficient"],"fullName":"foilDragCoefficient increases with alpha due to induced drag","status":"passed","title":"increases with alpha due to induced drag","duration":0.11219999999991614,"failureMessages":[],"meta":{}}],"startTime":1784947761215,"endTime":1784947761224.1123,"status":"passed","message":"","name":"C:/Users/ronme/Documents/src/github.com/m3ssana/sailing/tests/unit/physics/aeroCoefficients.test.ts"},{"assertionResults":[{"ancestorTitles":["ittc57 friction coefficient"],"fullName":"ittc57 friction coefficient gives correct value at Re = 1e6 (published: ~0.00441)","status":"passed","title":"gives correct value at Re = 1e6 (published: ~0.00441)","duration":1.8039999999999736,"failureMessages":[],"meta":{}},{"ancestorTitles":["ittc57 friction coefficient"],"fullName":"ittc57 friction coefficient gives correct value at Re = 1e7 (published: ~0.00293)","status":"passed","title":"gives correct value at Re = 1e7 (published: ~0.00293)","duration":0.35839999999996053,"failureMessages":[],"meta":{}},{"ancestorTitles":["ittc57 friction coefficient"],"fullName":"ittc57 friction coefficient gives correct value at Re = 1e8 (published: ~0.00208)","status":"passed","title":"gives correct value at Re = 1e8 (published: ~0.00208)","duration":0.161200000000008,"failureMessages":[],"meta":{}},{"ancestorTitles":["ittc57 friction coefficient"],"fullName":"ittc57 friction coefficient gives correct value at Re = 1e9 (published: ~0.00153)","status":"passed","title":"gives correct value at Re = 1e9 (published: ~0.00153)","duration":0.171100000000024,"failureMessages":[],"meta":{}},{"ancestorTitles":["ittc57 friction coefficient"],"fullName":"ittc57 friction coefficient decreases monotonically with increasing Reynolds number","status":"passed","title":"decreases monotonically with increasing Reynolds number","duration":0.5553999999999633,"failureMessages":[],"meta":{}},{"ancestorTitles":["ittc57 friction coefficient"],"fullName":"ittc57 friction coefficient is clamped for very low Reynolds numbers","status":"passed","title":"is clamped for very low Reynolds numbers","duration":0.41030000000000655,"failureMessages":[],"meta":{}},{"ancestorTitles":["froudeNumber"],"fullName":"froudeNumber is computed correctly: V / sqrt(g * L)","status":"passed","title":"is computed correctly: V / sqrt(g * L)","duration":0.2360999999999649,"failureMessages":[],"meta":{}},{"ancestorTitles":["froudeNumber"],"fullName":"froudeNumber is zero at zero speed","status":"passed","title":"is zero at zero speed","duration":0.3790000000000191,"failureMessages":[],"meta":{}},{"ancestorTitles":["froudeNumber"],"fullName":"froudeNumber scales linearly with speed","status":"passed","title":"scales linearly with speed","duration":0.3370000000001028,"failureMessages":[],"meta":{}},{"ancestorTitles":["residuary resistance near hull speed"],"fullName":"residuary resistance near hull speed rises steeply near Fn 0.4","status":"passed","title":"rises steeply near Fn 0.4","duration":0.4175000000000182,"failureMessages":[],"meta":{}},{"ancestorTitles":["residuary resistance near hull speed"],"fullName":"residuary resistance near hull speed is negligible at low Froude numbers","status":"passed","title":"is negligible at low Froude numbers","duration":0.14279999999996562,"failureMessages":[],"meta":{}}],"startTime":1784947761782,"endTime":1784947761788.4175,"status":"passed","message":"","name":"C:/Users/ronme/Documents/src/github.com/m3ssana/sailing/tests/unit/physics/hydroResistance.test.ts"},{"assertionResults":[{"ancestorTitles":["Waterline triangle clipping"],"fullName":"Waterline triangle clipping fully submerged triangle returns 1 triangle (itself)","status":"passed","title":"fully submerged triangle returns 1 triangle (itself)","duration":2.722300000000132,"failureMessages":[],"meta":{}},{"ancestorTitles":["Waterline triangle clipping"],"fullName":"Waterline triangle clipping fully above water returns 0 triangles","status":"passed","title":"fully above water returns 0 triangles","duration":0.43020000000001346,"failureMessages":[],"meta":{}},{"ancestorTitles":["Waterline triangle clipping"],"fullName":"Waterline triangle clipping 1-vertex-under case: produces a triangle with correct volume ratio","status":"passed","title":"1-vertex-under case: produces a triangle with correct volume ratio","duration":0.5709000000001652,"failureMessages":[],"meta":{}},{"ancestorTitles":["Waterline triangle clipping"],"fullName":"Waterline triangle clipping 2-vertices-under case: produces 2 triangles","status":"passed","title":"2-vertices-under case: produces 2 triangles","duration":0.330600000000004,"failureMessages":[],"meta":{}},{"ancestorTitles":["Waterline triangle clipping"],"fullName":"Waterline triangle clipping half-submerged triangle contributes approximately half volume","status":"passed","title":"half-submerged triangle contributes approximately half volume","duration":0.4737999999999829,"failureMessages":[],"meta":{}},{"ancestorTitles":["Hydrostatics from mesh"],"fullName":"Hydrostatics from mesh unit cube at waterline=0 computes correct displaced volume","status":"passed","title":"unit cube at waterline=0 computes correct displaced volume","duration":10.551799999999957,"failureMessages":[],"meta":{}},{"ancestorTitles":["Hydrostatics from mesh"],"fullName":"Hydrostatics from mesh fully submerged cube has volume ~1.0 m³","status":"passed","title":"fully submerged cube has volume ~1.0 m³","duration":4.978399999999965,"failureMessages":[],"meta":{}},{"ancestorTitles":["Hydrostatics from mesh"],"fullName":"Hydrostatics from mesh symmetric hull has centre of buoyancy on the centreline (x ≈ 0)","status":"passed","title":"symmetric hull has centre of buoyancy on the centreline (x ≈ 0)","duration":1.9610999999999876,"failureMessages":[],"meta":{}},{"ancestorTitles":["Hydrostatics from mesh"],"fullName":"Hydrostatics from mesh displacement equals displaced volume × water density","status":"passed","title":"displacement equals displaced volume × water density","duration":2.3456999999998516,"failureMessages":[],"meta":{}},{"ancestorTitles":["Hydrostatics from mesh"],"fullName":"Hydrostatics from mesh buoyancy points are distributed along hull length","status":"passed","title":"buoyancy points are distributed along hull length","duration":0.9464000000000397,"failureMessages":[],"meta":{}},{"ancestorTitles":["Righting curve"],"fullName":"Righting curve righting moment is zero at zero heel","status":"passed","title":"righting moment is zero at zero heel","duration":1.172399999999925,"failureMessages":[],"meta":{}},{"ancestorTitles":["Righting curve"],"fullName":"Righting curve righting moment is positive (restoring) at small heel angles","status":"passed","title":"righting moment is positive (restoring) at small heel angles","duration":1.2889999999999873,"failureMessages":[],"meta":{}},{"ancestorTitles":["Rigid body state"],"fullName":"Rigid body state createBoatState has identity orientation","status":"passed","title":"createBoatState has identity orientation","duration":0.48649999999997817,"failureMessages":[],"meta":{}},{"ancestorTitles":["Rigid body state"],"fullName":"Rigid body state isStateFinite returns false on NaN","status":"passed","title":"isStateFinite returns false on NaN","duration":0.34359999999992397,"failureMessages":[],"meta":{}},{"ancestorTitles":["Rigid body state"],"fullName":"Rigid body state isStateFinite returns true on valid state","status":"passed","title":"isStateFinite returns true on valid state","duration":0.20030000000019754,"failureMessages":[],"meta":{}},{"ancestorTitles":["Rigid body state"],"fullName":"Rigid body state force accumulation computes correct torque","status":"passed","title":"force accumulation computes correct torque","duration":0.6240999999999985,"failureMessages":[],"meta":{}},{"ancestorTitles":["Rigid body state"],"fullName":"Rigid body state world inertia inverse is correct for identity orientation","status":"passed","title":"world inertia inverse is correct for identity orientation","duration":0.7929999999998927,"failureMessages":[],"meta":{}},{"ancestorTitles":["Integrator"],"fullName":"Integrator angular momentum is conserved with no torque","status":"passed","title":"angular momentum is conserved with no torque","duration":14.949499999999944,"failureMessages":[],"meta":{}},{"ancestorTitles":["Integrator"],"fullName":"Integrator orientation quaternion stays unit over 100k steps","status":"passed","title":"orientation quaternion stays unit over 100k steps","duration":200.84979999999996,"failureMessages":[],"meta":{}},{"ancestorTitles":["Integrator"],"fullName":"Integrator no NaN over 200,000 steps with large forces","status":"passed","title":"no NaN over 200,000 steps with large forces","duration":316.05370000000016,"failureMessages":[],"meta":{}},{"ancestorTitles":["Integrator"],"fullName":"Integrator linear integration: constant force produces expected velocity","status":"passed","title":"linear integration: constant force produces expected velocity","duration":0.26490000000012515,"failureMessages":[],"meta":{}},{"ancestorTitles":["Buoyancy and settling"],"fullName":"Buoyancy and settling unit cube floats at analytically correct waterline","status":"passed","title":"unit cube floats at analytically correct waterline","duration":1.8129999999998745,"failureMessages":[],"meta":{}},{"ancestorTitles":["Buoyancy and settling"],"fullName":"Buoyancy and settling box dropped on flat water settles and damps to rest","status":"passed","title":"box dropped on flat water settles and damps to rest","duration":52.28819999999996,"failureMessages":[],"meta":{}},{"ancestorTitles":["BoatSimulation orchestration"],"fullName":"BoatSimulation orchestration NaN guard restores previous state","status":"passed","title":"NaN guard restores previous state","duration":1.0257000000001426,"failureMessages":[],"meta":{}},{"ancestorTitles":["BoatSimulation orchestration"],"fullName":"BoatSimulation orchestration actuator rate limits prevent instant control changes","status":"passed","title":"actuator rate limits prevent instant control changes","duration":0.8734999999999218,"failureMessages":[],"meta":{}},{"ancestorTitles":["BoatSimulation orchestration"],"fullName":"BoatSimulation orchestration reset clears velocities and sets heading","status":"passed","title":"reset clears velocities and sets heading","duration":0.848299999999881,"failureMessages":[],"meta":{}},{"ancestorTitles":["Wave coupling"],"fullName":"Wave coupling unpowered hull in 2m swell pitches and heaves with bounded amplitude","status":"passed","title":"unpowered hull in 2m swell pitches and heaves with bounded amplitude","duration":169.09529999999995,"failureMessages":[],"meta":{}}],"startTime":1784947761542,"endTime":1784947762333.0952,"status":"passed","message":"","name":"C:/Users/ronme/Documents/src/github.com/m3ssana/sailing/tests/unit/physics/physics.test.ts"},{"assertionResults":[{"ancestorTitles":["frozen type surface"],"fullName":"frozen type surface constructs a stub of every shared contract","status":"passed","title":"constructs a stub of every shared contract","duration":3.096200000000067,"failureMessages":[],"meta":{}},{"ancestorTitles":["frozen type surface"],"fullName":"frozen type surface exposes unit conversions that round-trip","status":"passed","title":"exposes unit conversions that round-trip","duration":0.6023999999999887,"failureMessages":[],"meta":{}},{"ancestorTitles":["frozen type surface"],"fullName":"frozen type surface states physical constants at documented values","status":"passed","title":"states physical constants at documented values","duration":0.4477999999999156,"failureMessages":[],"meta":{}},{"ancestorTitles":["frozen type surface"],"fullName":"frozen type surface defines a replay format whose control order matches ControlState","status":"passed","title":"defines a replay format whose control order matches ControlState","duration":1.2181000000000495,"failureMessages":[],"meta":{}},{"ancestorTitles":["frozen type surface"],"fullName":"frozen type surface keeps quality knobs and LOD tiers within their declared domains","status":"passed","title":"keeps quality knobs and LOD tiers within their declared domains","duration":0.5543999999999869,"failureMessages":[],"meta":{}}],"startTime":1784947761726,"endTime":1784947761732.5544,"status":"passed","message":"","name":"C:/Users/ronme/Documents/src/github.com/m3ssana/sailing/tests/unit/types/contracts.test.ts"},{"assertionResults":[{"ancestorTitles":["WaveField CPU/GPU coherence"],"fullName":"WaveField CPU/GPU coherence truncated 24-component field agrees with full-spectrum reference within 5 cm (CI GATE)","status":"passed","title":"truncated 24-component field agrees with full-spectrum reference within 5 cm (CI GATE)","duration":1134.7882,"failureMessages":[],"meta":{}},{"ancestorTitles":["WaveField CPU/GPU coherence"],"fullName":"WaveField CPU/GPU coherence truncation captures >95% of spectral variance","status":"passed","title":"truncation captures >95% of spectral variance","duration":0.5291999999999462,"failureMessages":[],"meta":{}},{"ancestorTitles":["WaveField CPU/GPU coherence"],"fullName":"WaveField CPU/GPU coherence optimized Float64Array path matches direct object evaluation exactly","status":"passed","title":"optimized Float64Array path matches direct object evaluation exactly","duration":10.713500000000295,"failureMessages":[],"meta":{}},{"ancestorTitles":["WaveSpectrum significant height calibration"],"fullName":"WaveSpectrum significant height calibration 4·sqrt(m0) matches requested significantHeight within 5%","status":"passed","title":"4·sqrt(m0) matches requested significantHeight within 5%","duration":0.6096999999999753,"failureMessages":[],"meta":{}},{"ancestorTitles":["WaveSpectrum significant height calibration"],"fullName":"WaveSpectrum significant height calibration calibration works for small waves (0.3 m)","status":"passed","title":"calibration works for small waves (0.3 m)","duration":0.42419999999992797,"failureMessages":[],"meta":{}},{"ancestorTitles":["WaveSpectrum significant height calibration"],"fullName":"WaveSpectrum significant height calibration calibration works for large waves (5 m)","status":"passed","title":"calibration works for large waves (5 m)","duration":0.34970000000021173,"failureMessages":[],"meta":{}},{"ancestorTitles":["WaveField determinism"],"fullName":"WaveField determinism same seed produces identical components","status":"passed","title":"same seed produces identical components","duration":3,"failureMessages":[],"meta":{}},{"ancestorTitles":["WaveField determinism"],"fullName":"WaveField determinism same seed produces identical sampled heights","status":"passed","title":"same seed produces identical sampled heights","duration":1.4119999999998072,"failureMessages":[],"meta":{}},{"ancestorTitles":["WaveField determinism"],"fullName":"WaveField determinism different seed produces different components","status":"passed","title":"different seed produces different components","duration":0.8867000000000189,"failureMessages":[],"meta":{}},{"ancestorTitles":["WaveField analytic normals"],"fullName":"WaveField analytic normals analytic normals agree with finite-difference normals","status":"passed","title":"analytic normals agree with finite-difference normals","duration":4.972000000000207,"failureMessages":[],"meta":{}},{"ancestorTitles":["WaveField analytic normals"],"fullName":"WaveField analytic normals normals point upward on a flat sea","status":"passed","title":"normals point upward on a flat sea","duration":0.18650000000025102,"failureMessages":[],"meta":{}},{"ancestorTitles":["WaveSpectrum fetch limiting"],"fullName":"WaveSpectrum fetch limiting short fetch produces shorter peak period than long fetch at same wind speed","status":"passed","title":"short fetch produces shorter peak period than long fetch at same wind speed","duration":0.40160000000014406,"failureMessages":[],"meta":{}},{"ancestorTitles":["WaveSpectrum shallow water"],"fullName":"WaveSpectrum shallow water shallow water produces shorter wavelength than deep water at same frequency","status":"passed","title":"shallow water produces shorter wavelength than deep water at same frequency","duration":0.40390000000024884,"failureMessages":[],"meta":{}},{"ancestorTitles":["WaveField NaN safety"],"fullName":"WaveField NaN safety no NaN for zero wind","status":"passed","title":"no NaN for zero wind","duration":5.4220000000000255,"failureMessages":[],"meta":{}},{"ancestorTitles":["WaveField NaN safety"],"fullName":"WaveField NaN safety no NaN for 40 m/s gale","status":"passed","title":"no NaN for 40 m/s gale","duration":5.6422999999999774,"failureMessages":[],"meta":{}},{"ancestorTitles":["WaveField NaN safety"],"fullName":"WaveField NaN safety no NaN for 0.1 m depth","status":"passed","title":"no NaN for 0.1 m depth","duration":5.52619999999979,"failureMessages":[],"meta":{}},{"ancestorTitles":["WaveField NaN safety"],"fullName":"WaveField NaN safety no NaN for zero fetch","status":"passed","title":"no NaN for zero fetch","duration":4.850400000000263,"failureMessages":[],"meta":{}},{"ancestorTitles":["WaveField NaN safety"],"fullName":"WaveField NaN safety no NaN for no swell","status":"passed","title":"no NaN for no swell","duration":5.018700000000081,"failureMessages":[],"meta":{}},{"ancestorTitles":["WaveField NaN safety"],"fullName":"WaveField NaN safety no NaN for strong opposing current","status":"passed","title":"no NaN for strong opposing current","duration":6.449900000000071,"failureMessages":[],"meta":{}},{"ancestorTitles":["WaveField orbital velocity"],"fullName":"WaveField orbital velocity orbital velocity decays with depth","status":"passed","title":"orbital velocity decays with depth","duration":0.3384000000000924,"failureMessages":[],"meta":{}},{"ancestorTitles":["WaveField performance"],"fullName":"WaveField performance height() sample cost is reported (benchmark, not a gate)","status":"passed","title":"height() sample cost is reported (benchmark, not a gate)","duration":8.388099999999667,"failureMessages":[],"meta":{}},{"ancestorTitles":["WaveSpectrum component extraction"],"fullName":"WaveSpectrum component extraction extracts requested number of components","status":"passed","title":"extracts requested number of components","duration":0.1902999999997519,"failureMessages":[],"meta":{}},{"ancestorTitles":["WaveSpectrum component extraction"],"fullName":"WaveSpectrum component extraction components are sorted by energy (highest first)","status":"passed","title":"components are sorted by energy (highest first)","duration":0.16810000000032232,"failureMessages":[],"meta":{}},{"ancestorTitles":["WaveSpectrum component extraction"],"fullName":"WaveSpectrum component extraction all steepness values are bounded","status":"passed","title":"all steepness values are bounded","duration":0.6059999999997672,"failureMessages":[],"meta":{}},{"ancestorTitles":["WaveSpectrum component extraction"],"fullName":"WaveSpectrum component extraction all wavenumbers are positive","status":"passed","title":"all wavenumbers are positive","duration":0.4042999999996937,"failureMessages":[],"meta":{}},{"ancestorTitles":["WaveSpectrum component extraction"],"fullName":"WaveSpectrum component extraction all frequencies are positive","status":"passed","title":"all frequencies are positive","duration":0.3351999999999862,"failureMessages":[],"meta":{}},{"ancestorTitles":["WaveSpectrum component extraction"],"fullName":"WaveSpectrum component extraction direction vectors are approximately unit length","status":"passed","title":"direction vectors are approximately unit length","duration":0.34340000000020154,"failureMessages":[],"meta":{}}],"startTime":1784947761276,"endTime":1784947762479.3435,"status":"passed","message":"","name":"C:/Users/ronme/Documents/src/github.com/m3ssana/sailing/tests/unit/environment/waves/coherence.test.ts"}]}